<?xml version="1.0" encoding="UTF-8"?>
<!-- Generated by org.testng.reporters.JUnitXMLReporter -->
<testsuite hostname="Admins-MacBook-Pro.local" ignored="0" name="Default test" tests="3" failures="0" timestamp="2020-01-15T17:09:02 PST" time="13.395" errors="0">
  <testcase name="ResultsWithSearchTermAreNotEmptyTest" time="4.182" classname="pom_pagefactory_with_abstractclass.test.WebdriverSeleniumHQwithPFTestWithAbstractClass"/>
  <testcase name="ResultsWithSearchTermAreNotEmptyTest2" time="2.02" classname="pom_pagefactory_with_abstractclass.test.WebdriverSeleniumHQwithPFTestWithAbstractClass"/>
  <testcase name="SearchTermResultsAreNotEmptyTest" time="3.022" classname="pom_pagefactory_with_abstractclass.test.WebdriverSeleniumHQwithPFTestWithAbstractClass"/>
</testsuite> <!-- Default test -->
