<?xml version="1.0" encoding="UTF-8"?>
<!-- Generated by org.testng.reporters.JUnitXMLReporter -->
<testsuite hostname="Admins-MacBook-Pro.local" ignored="0" name="Default test" tests="2" failures="0" timestamp="2020-01-15T10:54:26 PST" time="7.508" errors="0">
  <testcase name="ResultsWithSearchTermAreNotEmptyTest" time="2.097" classname="pom_without_pagefactory.test.WebDriverSeleniumHQNoPFTest"/>
  <testcase name="SearchTermResultsAreNotEmptyTest" time="1.706" classname="pom_without_pagefactory.test.WebDriverSeleniumHQNoPFTest"/>
</testsuite> <!-- Default test -->
