<?xml version="1.0" encoding="UTF-8"?>
<testng-results skipped="0" failed="0" ignored="0" total="2" passed="2">
  <reporter-output>
    <line>
      <![CDATA[Browser Session End]]>
    </line>
    <line>
      <![CDATA[Browser Session End]]>
    </line>
  </reporter-output>
  <suite name="Default suite" duration-ms="7508" started-at="2020-01-15T10:54:18 PST" finished-at="2020-01-15T10:54:26 PST">
    <groups>
    </groups>
    <test name="Default test" duration-ms="7508" started-at="2020-01-15T10:54:18 PST" finished-at="2020-01-15T10:54:26 PST">
      <class name="pom_without_pagefactory.test.WebDriverSeleniumHQNoPFTest">
        <test-method status="PASS" signature="browserSetup()[pri:0, instance:pom_without_pagefactory.test.WebDriverSeleniumHQNoPFTest@5ae63ade]" name="browserSetup" is-config="true" duration-ms="2360" started-at="2020-01-15T10:54:18 PST" finished-at="2020-01-15T10:54:21 PST">
          <reporter-output>
          </reporter-output>
        </test-method> <!-- browserSetup -->
        <test-method status="PASS" signature="ResultsWithSearchTermAreNotEmptyTest()[pri:0, instance:pom_without_pagefactory.test.WebDriverSeleniumHQNoPFTest@5ae63ade]" name="ResultsWithSearchTermAreNotEmptyTest" duration-ms="2097" started-at="2020-01-15T10:54:21 PST" description="ResultsWithSearchTermAreNotEmptyTest, Jira binding can be here" finished-at="2020-01-15T10:54:23 PST">
          <reporter-output>
          </reporter-output>
        </test-method> <!-- ResultsWithSearchTermAreNotEmptyTest -->
        <test-method status="PASS" signature="browserTearDown()[pri:0, instance:pom_without_pagefactory.test.WebDriverSeleniumHQNoPFTest@5ae63ade]" name="browserTearDown" is-config="true" duration-ms="76" started-at="2020-01-15T10:54:23 PST" finished-at="2020-01-15T10:54:23 PST">
          <reporter-output>
            <line>
              <![CDATA[Browser Session End]]>
            </line>
          </reporter-output>
        </test-method> <!-- browserTearDown -->
        <test-method status="PASS" signature="browserSetup()[pri:0, instance:pom_without_pagefactory.test.WebDriverSeleniumHQNoPFTest@5ae63ade]" name="browserSetup" is-config="true" duration-ms="1160" started-at="2020-01-15T10:54:23 PST" finished-at="2020-01-15T10:54:24 PST">
          <reporter-output>
          </reporter-output>
        </test-method> <!-- browserSetup -->
        <test-method status="PASS" signature="SearchTermResultsAreNotEmptyTest()[pri:0, instance:pom_without_pagefactory.test.WebDriverSeleniumHQNoPFTest@5ae63ade]" name="SearchTermResultsAreNotEmptyTest" duration-ms="1706" started-at="2020-01-15T10:54:24 PST" description="SearchTermResultsAreNotEmptyTest, Jira binding can be here" finished-at="2020-01-15T10:54:26 PST">
          <reporter-output>
          </reporter-output>
        </test-method> <!-- SearchTermResultsAreNotEmptyTest -->
        <test-method status="PASS" signature="browserTearDown()[pri:0, instance:pom_without_pagefactory.test.WebDriverSeleniumHQNoPFTest@5ae63ade]" name="browserTearDown" is-config="true" duration-ms="75" started-at="2020-01-15T10:54:26 PST" finished-at="2020-01-15T10:54:26 PST">
          <reporter-output>
            <line>
              <![CDATA[Browser Session End]]>
            </line>
          </reporter-output>
        </test-method> <!-- browserTearDown -->
      </class> <!-- pom_without_pagefactory.test.WebDriverSeleniumHQNoPFTest -->
    </test> <!-- Default test -->
  </suite> <!-- Default suite -->
</testng-results>
