<?xml version="1.0" encoding="UTF-8"?>
<testng-results skipped="0" failed="1" ignored="0" total="2" passed="1">
  <reporter-output>
    <line>
      <![CDATA[Browser Session End]]>
    </line>
    <line>
      <![CDATA[Browser Session End]]>
    </line>
  </reporter-output>
  <suite name="Default suite" duration-ms="7188" started-at="2020-01-13T17:01:50 PST" finished-at="2020-01-13T17:01:58 PST">
    <groups>
    </groups>
    <test name="Default test" duration-ms="7188" started-at="2020-01-13T17:01:50 PST" finished-at="2020-01-13T17:01:58 PST">
      <class name="pom_with_pagefactory.test.WebdriverSeleniumHQwithPFTest">
        <test-method status="PASS" signature="browserSetup()[pri:0, instance:pom_with_pagefactory.test.WebdriverSeleniumHQwithPFTest@5ae63ade]" name="browserSetup" is-config="true" duration-ms="1892" started-at="2020-01-13T17:01:50 PST" finished-at="2020-01-13T17:01:52 PST">
          <reporter-output>
          </reporter-output>
        </test-method> <!-- browserSetup -->
        <test-method status="PASS" signature="ResultsWithSearchTermAreNotEmptyTest()[pri:0, instance:pom_with_pagefactory.test.WebdriverSeleniumHQwithPFTest@5ae63ade]" name="ResultsWithSearchTermAreNotEmptyTest" duration-ms="2064" started-at="2020-01-13T17:01:52 PST" description="ResultsWithSearchTermAreNotEmptyTest, Jira binding can be here" finished-at="2020-01-13T17:01:54 PST">
          <reporter-output>
          </reporter-output>
        </test-method> <!-- ResultsWithSearchTermAreNotEmptyTest -->
        <test-method status="PASS" signature="browserTearDown()[pri:0, instance:pom_with_pagefactory.test.WebdriverSeleniumHQwithPFTest@5ae63ade]" name="browserTearDown" is-config="true" duration-ms="76" started-at="2020-01-13T17:01:54 PST" finished-at="2020-01-13T17:01:54 PST">
          <reporter-output>
            <line>
              <![CDATA[Browser Session End]]>
            </line>
          </reporter-output>
        </test-method> <!-- browserTearDown -->
        <test-method status="PASS" signature="browserSetup()[pri:0, instance:pom_with_pagefactory.test.WebdriverSeleniumHQwithPFTest@5ae63ade]" name="browserSetup" is-config="true" duration-ms="1170" started-at="2020-01-13T17:01:54 PST" finished-at="2020-01-13T17:01:56 PST">
          <reporter-output>
          </reporter-output>
        </test-method> <!-- browserSetup -->
        <test-method status="FAIL" signature="SearchTermResultsAreNotEmptyTest()[pri:0, instance:pom_with_pagefactory.test.WebdriverSeleniumHQwithPFTest@5ae63ade]" name="SearchTermResultsAreNotEmptyTest" duration-ms="1871" started-at="2020-01-13T17:01:56 PST" description="SearchTermResultsAreNotEmptyTest, Jira binding can be here" finished-at="2020-01-13T17:01:57 PST">
          <exception class="java.lang.NullPointerException">
            <full-stacktrace>
              <![CDATA[java.lang.NullPointerException
at pom_with_pagefactory.page.SeleniumHQSearchResultPagePF.countGeneralNumberOfSearchResults(SeleniumHQSearchResultPagePF.java:43)
at pom_with_pagefactory.test.WebdriverSeleniumHQwithPFTest.SearchTermResultsAreNotEmptyTest(WebdriverSeleniumHQwithPFTest.java:17)
at sun.reflect.NativeMethodAccessorImpl.invoke0(Native Method)
at sun.reflect.NativeMethodAccessorImpl.invoke(NativeMethodAccessorImpl.java:62)
at sun.reflect.DelegatingMethodAccessorImpl.invoke(DelegatingMethodAccessorImpl.java:43)
at java.lang.reflect.Method.invoke(Method.java:498)
at org.testng.internal.MethodInvocationHelper.invokeMethod(MethodInvocationHelper.java:133)
at org.testng.internal.TestInvoker.invokeMethod(TestInvoker.java:584)
at org.testng.internal.TestInvoker.invokeTestMethod(TestInvoker.java:172)
at org.testng.internal.MethodRunner.runInSequence(MethodRunner.java:46)
at org.testng.internal.TestInvoker$MethodInvocationAgent.invoke(TestInvoker.java:804)
at org.testng.internal.TestInvoker.invokeTestMethods(TestInvoker.java:145)
at org.testng.internal.TestMethodWorker.invokeTestMethods(TestMethodWorker.java:146)
at org.testng.internal.TestMethodWorker.run(TestMethodWorker.java:128)
at java.util.ArrayList.forEach(ArrayList.java:1257)
at org.testng.TestRunner.privateRun(TestRunner.java:770)
at org.testng.TestRunner.run(TestRunner.java:591)
at org.testng.SuiteRunner.runTest(SuiteRunner.java:402)
at org.testng.SuiteRunner.runSequentially(SuiteRunner.java:396)
at org.testng.SuiteRunner.privateRun(SuiteRunner.java:355)
at org.testng.SuiteRunner.run(SuiteRunner.java:304)
at org.testng.SuiteRunnerWorker.runSuite(SuiteRunnerWorker.java:53)
at org.testng.SuiteRunnerWorker.run(SuiteRunnerWorker.java:96)
at org.testng.TestNG.runSuitesSequentially(TestNG.java:1180)
at org.testng.TestNG.runSuitesLocally(TestNG.java:1102)
at org.testng.TestNG.runSuites(TestNG.java:1032)
at org.testng.TestNG.run(TestNG.java:1000)
at org.testng.remote.AbstractRemoteTestNG.run(AbstractRemoteTestNG.java:115)
at org.testng.remote.RemoteTestNG.initAndRun(RemoteTestNG.java:251)
at org.testng.remote.RemoteTestNG.main(RemoteTestNG.java:77)
]]>
            </full-stacktrace>
          </exception> <!-- java.lang.NullPointerException -->
          <reporter-output>
          </reporter-output>
        </test-method> <!-- SearchTermResultsAreNotEmptyTest -->
        <test-method status="PASS" signature="browserTearDown()[pri:0, instance:pom_with_pagefactory.test.WebdriverSeleniumHQwithPFTest@5ae63ade]" name="browserTearDown" is-config="true" duration-ms="76" started-at="2020-01-13T17:01:57 PST" finished-at="2020-01-13T17:01:58 PST">
          <reporter-output>
            <line>
              <![CDATA[Browser Session End]]>
            </line>
          </reporter-output>
        </test-method> <!-- browserTearDown -->
      </class> <!-- pom_with_pagefactory.test.WebdriverSeleniumHQwithPFTest -->
    </test> <!-- Default test -->
  </suite> <!-- Default suite -->
</testng-results>
